{"/home/jamie/projects/udacity/front-end/evaluate-news-scratch/src/client/js/getArticleAnalysis.js": {"path":"/home/jamie/projects/udacity/front-end/evaluate-news-scratch/src/client/js/getArticleAnalysis.js","statementMap":{"0":{"start":{"line":2,"column":2},"end":{"line":14,"column":3}},"1":{"start":{"line":3,"column":21},"end":{"line":9,"column":6}},"2":{"start":{"line":10,"column":17},"end":{"line":10,"column":38}},"3":{"start":{"line":11,"column":4},"end":{"line":11,"column":16}},"4":{"start":{"line":13,"column":4},"end":{"line":13,"column":35}}},"fnMap":{"0":{"name":"getArticleAnalysis","decl":{"start":{"line":1,"column":15},"end":{"line":1,"column":33}},"loc":{"start":{"line":1,"column":39},"end":{"line":15,"column":1}},"line":1}},"branchMap":{},"s":{"0":2,"1":2,"2":1,"3":1,"4":1},"f":{"0":2},"b":{},"_coverageSchema":"1a1c01bbd47fc00a2c39e90264f33305004495a9","hash":"f1d16635990ff66e7c768dde7c4857bcbf018c89"}
,"/home/jamie/projects/udacity/front-end/evaluate-news-scratch/src/client/js/incorrectURL.js": {"path":"/home/jamie/projects/udacity/front-end/evaluate-news-scratch/src/client/js/incorrectURL.js","statementMap":{"0":{"start":{"line":2,"column":19},"end":{"line":2,"column":36}},"1":{"start":{"line":3,"column":2},"end":{"line":3,"column":28}},"2":{"start":{"line":7,"column":19},"end":{"line":7,"column":55}},"3":{"start":{"line":8,"column":19},"end":{"line":8,"column":54}},"4":{"start":{"line":10,"column":2},"end":{"line":10,"column":29}},"5":{"start":{"line":11,"column":2},"end":{"line":11,"column":38}},"6":{"start":{"line":12,"column":2},"end":{"line":12,"column":35}},"7":{"start":{"line":13,"column":2},"end":{"line":13,"column":36}}},"fnMap":{"0":{"name":"checkURL","decl":{"start":{"line":1,"column":9},"end":{"line":1,"column":17}},"loc":{"start":{"line":1,"column":23},"end":{"line":4,"column":1}},"line":1},"1":{"name":"incorrectURL","decl":{"start":{"line":6,"column":9},"end":{"line":6,"column":21}},"loc":{"start":{"line":6,"column":27},"end":{"line":14,"column":1}},"line":6}},"branchMap":{},"s":{"0":3,"1":3,"2":0,"3":0,"4":0,"5":0,"6":0,"7":0},"f":{"0":3,"1":0},"b":{},"_coverageSchema":"1a1c01bbd47fc00a2c39e90264f33305004495a9","hash":"6bb222f1070457dc86f22831a0b445698bcee740"}
}
